This is pdfTeX, Version 3.141592653-2.6-1.40.22 (TeX Live 2021) (preloaded format=pdflatex 2021.5.2)  29 APR 2025 14:38
entering extended mode
 restricted \write18 enabled.
 %&-line parsing enabled.
**writeup.tex
(./writeup.tex
LaTeX2e <2020-10-01> patch level 4
L3 programming layer <2021-02-18>
(/usr/local/texlive/2021basic/texmf-dist/tex/latex/base/article.cls
Document Class: article 2020/04/10 v1.4m Standard LaTeX document class
(/usr/local/texlive/2021basic/texmf-dist/tex/latex/base/size10.clo
File: size10.clo 2020/04/10 v1.4m Standard LaTeX file (size option)
)
\c@part=\count179
\c@section=\count180
\c@subsection=\count181
\c@subsubsection=\count182
\c@paragraph=\count183
\c@subparagraph=\count184
\c@figure=\count185
\c@table=\count186
\abovecaptionskip=\skip47
\belowcaptionskip=\skip48
\bibindent=\dimen138
)
(/usr/local/texlive/2021basic/texmf-dist/tex/latex/graphics/graphicx.sty
Package: graphicx 2020/09/09 v1.2b Enhanced LaTeX Graphics (DPC,SPQR)

(/usr/local/texlive/2021basic/texmf-dist/tex/latex/graphics/keyval.sty
Package: keyval 2014/10/28 v1.15 key=value parser (DPC)
\KV@toks@=\toks15
)
(/usr/local/texlive/2021basic/texmf-dist/tex/latex/graphics/graphics.sty
Package: graphics 2020/08/30 v1.4c Standard LaTeX Graphics (DPC,SPQR)

(/usr/local/texlive/2021basic/texmf-dist/tex/latex/graphics/trig.sty
Package: trig 2016/01/03 v1.10 sin cos tan (DPC)
)
(/usr/local/texlive/2021basic/texmf-dist/tex/latex/graphics-cfg/graphics.cfg
File: graphics.cfg 2016/06/04 v1.11 sample graphics configuration
)
Package graphics Info: Driver file: pdftex.def on input line 105.

(/usr/local/texlive/2021basic/texmf-dist/tex/latex/graphics-def/pdftex.def
File: pdftex.def 2020/10/05 v1.2a Graphics/color driver for pdftex
))
\Gin@req@height=\dimen139
\Gin@req@width=\dimen140
)
(/usr/local/texlive/2021basic/texmf-dist/tex/latex/l3backend/l3backend-pdftex.d
ef
File: l3backend-pdftex.def 2021-03-18 L3 backend support: PDF output (pdfTeX)
\l__color_backend_stack_int=\count187
\l__pdf_internal_box=\box47
) (./writeup.aux)
\openout1 = `writeup.aux'.

LaTeX Font Info:    Checking defaults for OML/cmm/m/it on input line 4.
LaTeX Font Info:    ... okay on input line 4.
LaTeX Font Info:    Checking defaults for OMS/cmsy/m/n on input line 4.
LaTeX Font Info:    ... okay on input line 4.
LaTeX Font Info:    Checking defaults for OT1/cmr/m/n on input line 4.
LaTeX Font Info:    ... okay on input line 4.
LaTeX Font Info:    Checking defaults for T1/cmr/m/n on input line 4.
LaTeX Font Info:    ... okay on input line 4.
LaTeX Font Info:    Checking defaults for TS1/cmr/m/n on input line 4.
LaTeX Font Info:    ... okay on input line 4.
LaTeX Font Info:    Checking defaults for OMX/cmex/m/n on input line 4.
LaTeX Font Info:    ... okay on input line 4.
LaTeX Font Info:    Checking defaults for U/cmr/m/n on input line 4.
LaTeX Font Info:    ... okay on input line 4.

(/usr/local/texlive/2021basic/texmf-dist/tex/context/base/mkii/supp-pdf.mkii
[Loading MPS to PDF converter (version 2006.09.02).]
\scratchcounter=\count188
\scratchdimen=\dimen141
\scratchbox=\box48
\nofMPsegments=\count189
\nofMParguments=\count190
\everyMPshowfont=\toks16
\MPscratchCnt=\count191
\MPscratchDim=\dimen142
\MPnumerator=\count192
\makeMPintoPDFobject=\count193
\everyMPtoPDFconversion=\toks17
)
(/usr/local/texlive/2021basic/texmf-dist/tex/latex/epstopdf-pkg/epstopdf-base.s
ty
Package: epstopdf-base 2020-01-24 v2.11 Base part for package epstopdf
Package epstopdf-base Info: Redefining graphics rule for `.eps' on input line 4
85.

(/usr/local/texlive/2021basic/texmf-dist/tex/latex/latexconfig/epstopdf-sys.cfg
File: epstopdf-sys.cfg 2010/07/13 v1.3 Configuration of (r)epstopdf for TeX Liv
e
))
LaTeX Font Info:    External font `cmex10' loaded for size
(Font)              <12> on input line 9.
LaTeX Font Info:    External font `cmex10' loaded for size
(Font)              <8> on input line 9.
LaTeX Font Info:    External font `cmex10' loaded for size
(Font)              <6> on input line 9.

Overfull \hbox (9.38841pt too wide) in paragraph at lines 19--21
\OT1/cmr/m/n/10 tivized to adopt a NIMBY stance, and re-sist green projects in 
their neighborhoods--
 []

LaTeX Font Info:    External font `cmex10' loaded for size
(Font)              <7> on input line 31.
LaTeX Font Info:    External font `cmex10' loaded for size
(Font)              <5> on input line 31.
[1

{/usr/local/texlive/2021basic/texmf-var/fonts/map/pdftex/updmap/pdftex.map}]
<zip_code_centroids_continental.png, id=11, 2409.0pt x 2409.0pt>
File: zip_code_centroids_continental.png Graphic file (type png)
<use zip_code_centroids_continental.png>
Package pdftex.def Info: zip_code_centroids_continental.png  used on input line
 63.
(pdftex.def)             Requested size: 310.4979pt x 310.49763pt.


LaTeX Warning: `h' float specifier changed to `ht'.

<zip_code_centroids_all.png, id=13, 2409.0pt x 2409.0pt>
File: zip_code_centroids_all.png Graphic file (type png)
<use zip_code_centroids_all.png>
Package pdftex.def Info: zip_code_centroids_all.png  used on input line 71.
(pdftex.def)             Requested size: 310.4979pt x 310.49763pt.

LaTeX Warning: `h' float specifier changed to `ht'.

[2] [3 <./zip_code_centroids_continental.png>] [4 <./zip_code_centroids_all.png
>]
<lmer_mod_anova.jpg, id=31, 1015.795pt x 239.89626pt>
File: lmer_mod_anova.jpg Graphic file (type jpg)
<use lmer_mod_anova.jpg>
Package pdftex.def Info: lmer_mod_anova.jpg  used on input line 131.
(pdftex.def)             Requested size: 310.4979pt x 73.32747pt.
 [5 <./lmer_mod_anova.jpg>]

LaTeX Warning: No positions in optional float specifier.
               Default added (so using `tbp') on input line 146.

LaTeX Font Info:    External font `cmex10' loaded for size
(Font)              <9> on input line 150.
<fixef_general.png, id=36, 2409.0pt x 2409.0pt>
File: fixef_general.png Graphic file (type png)
<use fixef_general.png>
Package pdftex.def Info: fixef_general.png  used on input line 212.
(pdftex.def)             Requested size: 310.4979pt x 310.49763pt.
<fixef_manipulation.png, id=37, 2409.0pt x 2409.0pt>
File: fixef_manipulation.png Graphic file (type png)
<use fixef_manipulation.png>
Package pdftex.def Info: fixef_manipulation.png  used on input line 220.
(pdftex.def)             Requested size: 310.4979pt x 310.49763pt.

LaTeX Warning: `h' float specifier changed to `ht'.

[6 <./fixef_general.png>] [7] [8 <./fixef_manipulation.png>] [9]
<study1_turbine_facets.png, id=55, 2409.0pt x 2409.0pt>
File: study1_turbine_facets.png Graphic file (type png)
<use study1_turbine_facets.png>
Package pdftex.def Info: study1_turbine_facets.png  used on input line 274.
(pdftex.def)             Requested size: 310.4979pt x 310.49763pt.
<study1_solar_facets.png, id=56, 2409.0pt x 2409.0pt>
File: study1_solar_facets.png Graphic file (type png)
<use study1_solar_facets.png>
Package pdftex.def Info: study1_solar_facets.png  used on input line 282.
(pdftex.def)             Requested size: 310.4979pt x 310.49763pt.


LaTeX Warning: `h' float specifier changed to `ht'.

[10 <./study1_turbine_facets.png>]
<study1_sample_size.png, id=61, 2409.0pt x 2409.0pt>
File: study1_sample_size.png Graphic file (type png)
<use study1_sample_size.png>
Package pdftex.def Info: study1_sample_size.png  used on input line 300.
(pdftex.def)             Requested size: 310.4979pt x 310.49763pt.


LaTeX Warning: `h' float specifier changed to `ht'.

[11 <./study1_solar_facets.png>] [12 <./study1_sample_size.png>] (./writeup.aux
) ) 
Here is how much of TeX's memory you used:
 1263 strings out of 480445
 19689 string characters out of 5892392
 317348 words of memory out of 5000000
 18559 multiletter control sequences out of 15000+600000
 409754 words of font info for 48 fonts, out of 8000000 for 9000
 319 hyphenation exceptions out of 8191
 68i,8n,74p,542b,236s stack positions out of 5000i,500n,10000p,200000b,80000s
 </Users/andrewbartnof/Library/texlive/2021basic/texmf-var/fonts/pk/ljfour/j
knappen/ec/tcrm1000.600pk></usr/local/texlive/2021basic/texmf-dist/fonts/type1/
public/amsfonts/cm/cmbx10.pfb></usr/local/texlive/2021basic/texmf-dist/fonts/ty
pe1/public/amsfonts/cm/cmbx12.pfb></usr/local/texlive/2021basic/texmf-dist/font
s/type1/public/amsfonts/cm/cmbx9.pfb></usr/local/texlive/2021basic/texmf-dist/f
onts/type1/public/amsfonts/cm/cmmi10.pfb></usr/local/texlive/2021basic/texmf-di
st/fonts/type1/public/amsfonts/cm/cmr10.pfb></usr/local/texlive/2021basic/texmf
-dist/fonts/type1/public/amsfonts/cm/cmr12.pfb></usr/local/texlive/2021basic/te
xmf-dist/fonts/type1/public/amsfonts/cm/cmr17.pfb></usr/local/texlive/2021basic
/texmf-dist/fonts/type1/public/amsfonts/cm/cmr6.pfb></usr/local/texlive/2021bas
ic/texmf-dist/fonts/type1/public/amsfonts/cm/cmr7.pfb></usr/local/texlive/2021b
asic/texmf-dist/fonts/type1/public/amsfonts/cm/cmr8.pfb></usr/local/texlive/202
1basic/texmf-dist/fonts/type1/public/amsfonts/cm/cmr9.pfb></usr/local/texlive/2
021basic/texmf-dist/fonts/type1/public/amsfonts/cm/cmti10.pfb></usr/local/texli
ve/2021basic/texmf-dist/fonts/type1/public/amsfonts/cm/cmtt10.pfb>
Output written on writeup.pdf (12 pages, 2018198 bytes).
PDF statistics:
 116 PDF objects out of 1000 (max. 8388607)
 72 compressed objects within 1 object stream
 0 named destinations out of 1000 (max. 500000)
 41 words of extra memory for PDF output out of 10000 (max. 10000000)

